<?xml version="1.0" encoding="UTF-8"?>
<testsuite xmlns:xsi="http://www.w3.org/2001/XMLSchema-instance" xsi:noNamespaceSchemaLocation="https://maven.apache.org/surefire/maven-surefire-plugin/xsd/surefire-test-report-3.0.xsd" version="3.0" name="TestSuite" time="18.952" tests="1" errors="0" skipped="0" failures="0">
  <properties>
[...]
</properties>
  <testcase name="ValidateErrorRRR[{name=Fadhil, country=Argentina, gender=Female}](1)" classname="org.fadhilacademy.TCOBA" time="6.19">
    <system-out><![CDATA[&amp#27;[35m[Appium]&amp#27;[39m Welcome to Appium v2.0.0
&amp#27;[38;5;0m[HTTP]&amp#27;[0m Could not start REST http interface listener. The requested port may already be in use. Please make sure there is no other instance of t[hidse sberuvger]  r&amp#27;un[n3i5nmg[ aAlprpeaidumy].&amp#27;
[&amp#27;3[93m5m [EAprpriuomr]&amp#27;:[ 39lmi Csotuelnd  nEotA DcoDnfRiIguNrUeS EAp:p iuamd dsreesrsv earl.r Ieta'dsy  pions suisbel e 0t.h0a.t0 .a0 :d47r2i3ve
r o[rd epbluugg]i n&amp#27; [t3r5ime[dA ptopi uupmd]a&amp#27;t[3e9 tmh e    s aetr vSeerrv aendr .fsaielteudp.L isOtreniHganindalle  e[rasr o_rl:i stlein2s]t e(nno dEeA:DnDeRt:I1N7U5S1E::16 )ad
d[dreebsusg ]a l&amp#27;r[3e5amd[yA pipni uum]s&amp#27;e[ 390m. 0  .  0a.t0 :l4is7t2e3nIn
Cluster (node:net:1799:12)
[debug] &amp#27;[35m[Appium]&amp#27;[39m     at doListen (node:net:1948:7)
[debug] &amp#27;[35m[Appium]&amp#27;[39m     at processTicksAndRejections (node:internal/process/task_queues:83:21)
]]></system-out>
    <system-err><![CDATA[SLF4J: Failed to load class "org.slf4j.impl.StaticLoggerBinder".
SLF4J: Defaulting to no-operation (NOP) logger implementation
SLF4J: See http://www.slf4j.org/codes.html#StaticLoggerBinder for further details.
]]></system-err>
  </testcase>
</testsuite>