<?xml version="1.0" encoding="UTF-8"?>
<testng-results ignored="0" total="1" passed="1" failed="0" skipped="0">
  <reporter-output>
  </reporter-output>
  <suite started-at="2023-08-31T19:18:26 ICT" name="Suite" finished-at="2023-08-31T19:18:44 ICT" duration-ms="17940">
    <groups>
    </groups>
    <test started-at="2023-08-31T19:18:26 ICT" name="Test" finished-at="2023-08-31T19:18:44 ICT" duration-ms="17940">
      <class name="org.fadhilacademy.TCOBA">
        <test-method is-config="true" signature="ConfigureAppium()[pri:0, instance:org.fadhilacademy.TCOBA@4f25b795]" started-at="2023-08-31T19:18:26 ICT" name="ConfigureAppium" finished-at="2023-08-31T19:18:38 ICT" duration-ms="11264" status="PASS">
          <reporter-output>
          </reporter-output>
        </test-method> <!-- ConfigureAppium -->
        <test-method signature="ValidateErrorRRR(java.util.HashMap)[pri:0, instance:org.fadhilacademy.TCOBA@4f25b795]" started-at="2023-08-31T19:18:38 ICT" name="ValidateErrorRRR" data-provider="getData" finished-at="2023-08-31T19:18:44 ICT" duration-ms="6183" status="PASS">
          <params>
            <param index="0">
              <value>
                <![CDATA[{name=Fadhil, country=Argentina, gender=Female}]]>
              </value>
            </param>
          </params>
          <reporter-output>
          </reporter-output>
        </test-method> <!-- ValidateErrorRRR -->
        <test-method is-config="true" signature="tearDown()[pri:0, instance:org.fadhilacademy.TCOBA@4f25b795]" started-at="2023-08-31T19:18:44 ICT" name="tearDown" finished-at="2023-08-31T19:18:44 ICT" duration-ms="278" status="PASS">
          <reporter-output>
          </reporter-output>
        </test-method> <!-- tearDown -->
      </class> <!-- org.fadhilacademy.TCOBA -->
    </test> <!-- Test -->
  </suite> <!-- Suite -->
</testng-results>
