<?xml version="1.0" encoding="UTF-8"?>
<testng-results ignored="0" total="1" passed="1" failed="0" skipped="0">
  <reporter-output>
  </reporter-output>
  <suite started-at="2023-09-21T10:16:10 WIB" name="Default suite" finished-at="2023-09-21T10:16:39 WIB" duration-ms="28470">
    <groups>
    </groups>
    <test started-at="2023-09-21T10:16:10 WIB" name="Default test" finished-at="2023-09-21T10:16:39 WIB" duration-ms="28470">
      <class name="org.fadhilacademy.TC_Homepage.TC_ScrollDownUp">
        <test-method is-config="true" signature="ConfigureAppium()[pri:0, instance:org.fadhilacademy.TC_Homepage.TC_ScrollDownUp@4416d64f]" started-at="2023-09-21T10:16:10 WIB" name="ConfigureAppium" finished-at="2023-09-21T10:16:22 WIB" duration-ms="11453" status="PASS">
          <reporter-output>
          </reporter-output>
        </test-method> <!-- ConfigureAppium -->
        <test-method signature="TC_ScrollDownUp()[pri:0, instance:org.fadhilacademy.TC_Homepage.TC_ScrollDownUp@4416d64f]" started-at="2023-09-21T10:16:22 WIB" name="TC_ScrollDownUp" finished-at="2023-09-21T10:16:38 WIB" duration-ms="16028" status="PASS">
          <reporter-output>
          </reporter-output>
        </test-method> <!-- TC_ScrollDownUp -->
        <test-method is-config="true" signature="tearDown()[pri:0, instance:org.fadhilacademy.TC_Homepage.TC_ScrollDownUp@4416d64f]" started-at="2023-09-21T10:16:38 WIB" name="tearDown" finished-at="2023-09-21T10:16:39 WIB" duration-ms="848" status="PASS">
          <reporter-output>
          </reporter-output>
        </test-method> <!-- tearDown -->
      </class> <!-- org.fadhilacademy.TC_Homepage.TC_ScrollDownUp -->
    </test> <!-- Default test -->
  </suite> <!-- Default suite -->
</testng-results>
